[Benchmark] Loading data...
[Benchmark] Loaded 1011 previous results.
[Benchmark] Successfully processed: 1000
[Benchmark] Found 11 failed results that will be re-run.
[Benchmark] Processing range 0 to 1905 (1906 total)
[Benchmark] RESUME: Skipping 1000 already processed items.
[Benchmark] RETRY: Re-running 11 failed/incomplete items.
[Benchmark] NEW: Processing 895 fresh items.
[Benchmark] Total Work Queue: 906
[Benchmark] API: http://tensorsql-node:5002/api/text2sql/generate
[Benchmark] Workers: 20

[Benchmark] Loaded 166 enriched schemas from cache.
[Benchmark] All 166 schemas are already enriched in cache.

============================================================
  PROGRESS: 1011 items | Success: 1000 | EM: 453 (45.3%) | Errors: 11
============================================================

  [Retry 1/3] Error encountered: ('Connection aborted.', RemoteDisconnected('Remote end closed connection without response')), retrying in 2s...  [Retry 1/3] Error encountered: ('Connection aborted.', RemoteDisconnected('Remote end closed connection without response')), retrying in 2s...
  [Retry 1/3] Error encountered: ('Connection aborted.', RemoteDisconnected('Remote end closed connection without response')), retrying in 2s...
  [Retry 1/3] Error encountered: ('Connection aborted.', RemoteDisconnected('Remote end closed connection without response')), retrying in 2s...  [Retry 1/3] Error encountered: ('Connection aborted.', RemoteDisconnected('Remote end closed connection without response')), retrying in 2s...  [Retry 1/3] Error encountered: ('Connection aborted.', RemoteDisconnected('Remote end closed connection without response')), retrying in 2s...

  [Retry 1/3] Error encountered: ('Connection aborted.', RemoteDisconnected('Remote end closed connection without response')), retrying in 2s...
  [Retry 1/3] Error encountered: ('Connection aborted.', RemoteDisconnected('Remote end closed connection without response')), retrying in 2s...  [Retry 1/3] Error encountered: ('Connection aborted.', RemoteDisconnected('Remote end closed connection without response')), retrying in 2s...  [Retry 1/3] Error encountered: ('Connection aborted.', RemoteDisconnected('Remote end closed connection without response')), retrying in 2s...  [Retry 1/3] Error encountered: ('Connection aborted.', RemoteDisconnected('Remote end closed connection without response')), retrying in 2s...
  [Retry 1/3] Error encountered: ('Connection aborted.', RemoteDisconnected('Remote end closed connection without response')), retrying in 2s...

  [Retry 1/3] Error encountered: ('Connection aborted.', RemoteDisconnected('Remote end closed connection without response')), retrying in 2s...

  [Retry 1/3] Error encountered: ('Connection aborted.', RemoteDisconnected('Remote end closed connection without response')), retrying in 2s...  [Retry 1/3] Error encountered: ('Connection aborted.', RemoteDisconnected('Remote end closed connection without response')), retrying in 2s...


  [Retry 1/3] Error encountered: ('Connection aborted.', RemoteDisconnected('Remote end closed connection without response')), retrying in 2s...
  [Retry 1/3] Error encountered: ('Connection aborted.', RemoteDisconnected('Remote end closed connection without response')), retrying in 2s...


  [Retry 1/3] Error encountered: ('Connection aborted.', RemoteDisconnected('Remote end closed connection without response')), retrying in 2s...
  [Retry 1/3] Error encountered: ('Connection aborted.', RemoteDisconnected('Remote end closed connection without response')), retrying in 2s...
  [Retry 1/3] Error encountered: ('Connection aborted.', RemoteDisconnected('Remote end closed connection without response')), retrying in 2s...

============================================================
  PROGRESS: 1011 items | Success: 1000 | EM: 453 (45.3%) | Errors: 11
============================================================

