[Benchmark] Loading data...
[Benchmark] Loaded 1181 previous results.
[Benchmark] Successfully processed: 1178
[Benchmark] Found 3 failed results that will be re-run.
[Benchmark] Processing range 0 to 1905 (1906 total)
[Benchmark] RESUME: Skipping 1178 already processed items.
[Benchmark] RETRY: Re-running 3 failed/incomplete items.
[Benchmark] NEW: Processing 725 fresh items.
[Benchmark] Total Work Queue: 728
[Benchmark] API: http://tensorsql-node:5002/api/text2sql/generate
[Benchmark] Workers: 20

[Benchmark] Loaded 166 enriched schemas from cache.
[Benchmark] All 166 schemas are already enriched in cache.

============================================================
  PROGRESS: 1181 items | Success: 1178 | EM: 681 (57.8%) | Errors: 3
============================================================

  [Retry 1/3] Error encountered: ('Connection aborted.', RemoteDisconnected('Remote end closed connection without response')), retrying in 2s...
  [Retry 1/3] Error encountered: ('Connection aborted.', RemoteDisconnected('Remote end closed connection without response')), retrying in 2s...
  [Retry 1/3] Error encountered: ('Connection aborted.', RemoteDisconnected('Remote end closed connection without response')), retrying in 2s...
  [Retry 1/3] Error encountered: ('Connection aborted.', RemoteDisconnected('Remote end closed connection without response')), retrying in 2s...
  [Retry 1/3] Error encountered: ('Connection aborted.', RemoteDisconnected('Remote end closed connection without response')), retrying in 2s...
  [Retry 1/3] Error encountered: ('Connection aborted.', RemoteDisconnected('Remote end closed connection without response')), retrying in 2s...  [Retry 1/3] Error encountered: ('Connection aborted.', RemoteDisconnected('Remote end closed connection without response')), retrying in 2s...
  [Retry 1/3] Error encountered: ('Connection aborted.', RemoteDisconnected('Remote end closed connection without response')), retrying in 2s...  [Retry 1/3] Error encountered: ('Connection aborted.', RemoteDisconnected('Remote end closed connection without response')), retrying in 2s...  [Retry 1/3] Error encountered: ('Connection aborted.', RemoteDisconnected('Remote end closed connection without response')), retrying in 2s...
  [Retry 1/3] Error encountered: ('Connection aborted.', RemoteDisconnected('Remote end closed connection without response')), retrying in 2s...
  [Retry 1/3] Error encountered: ('Connection aborted.', RemoteDisconnected('Remote end closed connection without response')), retrying in 2s...

  [Retry 1/3] Error encountered: ('Connection aborted.', RemoteDisconnected('Remote end closed connection without response')), retrying in 2s...
  [Retry 1/3] Error encountered: ('Connection aborted.', RemoteDisconnected('Remote end closed connection without response')), retrying in 2s...


  [Retry 1/3] Error encountered: ('Connection aborted.', RemoteDisconnected('Remote end closed connection without response')), retrying in 2s...
  [Retry 1/3] Error encountered: ('Connection aborted.', RemoteDisconnected('Remote end closed connection without response')), retrying in 2s...
  [Retry 1/3] Error encountered: ('Connection aborted.', RemoteDisconnected('Remote end closed connection without response')), retrying in 2s...
  [Retry 1/3] Error encountered: ('Connection aborted.', RemoteDisconnected('Remote end closed connection without response')), retrying in 2s...
  [Retry 1/3] Error encountered: ('Connection aborted.', RemoteDisconnected('Remote end closed connection without response')), retrying in 2s...
  [Retry 1/3] Error encountered: ('Connection aborted.', RemoteDisconnected('Remote end closed connection without response')), retrying in 2s...

============================================================
  PROGRESS: 1181 items | Success: 1178 | EM: 681 (57.8%) | Errors: 3
============================================================

