[Benchmark] Loading data...
[Benchmark] Loaded 300 previous results.
[Benchmark] Successfully processed: 299
[Benchmark] Found 1 failed results that will be re-run.
[Benchmark] Processing range 0 to 299 (300 total)
[Benchmark] RESUME: Skipping 299 already processed items.
[Benchmark] RETRY: Re-running 1 failed/incomplete items.
[Benchmark] NEW: Processing 0 fresh items.
[Benchmark] Total Work Queue: 1
[Benchmark] API: http://tensorsql-node:5002/api/text2sql/generate
[Benchmark] Workers: 10

[Benchmark] Loaded 166 enriched schemas from cache.
[Benchmark] All 166 schemas are already enriched in cache.

============================================================
  PROGRESS: 300 items | Success: 299 | EM: 168 (56.2%) | Errors: 1
============================================================


============================================================
  PROGRESS: 300 items | Success: 299 | EM: 168 (56.2%) | Errors: 1
============================================================


============================================================
  PROGRESS: 300 items | Success: 299 | EM: 168 (56.2%) | Errors: 1
============================================================


============================================================
  PROGRESS: 300 items | Success: 299 | EM: 168 (56.2%) | Errors: 1
============================================================


============================================================
  PROGRESS: 300 items | Success: 299 | EM: 168 (56.2%) | Errors: 1
============================================================


============================================================
  PROGRESS: 300 items | Success: 299 | EM: 168 (56.2%) | Errors: 1
============================================================

  [Retry 1/3] 500 Error encountered, retrying in 2s...

============================================================
  PROGRESS: 300 items | Success: 299 | EM: 168 (56.2%) | Errors: 1
============================================================


============================================================
  PROGRESS: 300 items | Success: 299 | EM: 168 (56.2%) | Errors: 1
============================================================


============================================================
  PROGRESS: 300 items | Success: 299 | EM: 168 (56.2%) | Errors: 1
============================================================


============================================================
  PROGRESS: 300 items | Success: 299 | EM: 168 (56.2%) | Errors: 1
============================================================


============================================================
  PROGRESS: 300 items | Success: 299 | EM: 168 (56.2%) | Errors: 1
============================================================


============================================================
  PROGRESS: 300 items | Success: 299 | EM: 168 (56.2%) | Errors: 1
============================================================

  [Retry 2/3] 500 Error encountered, retrying in 4s...

============================================================
  PROGRESS: 300 items | Success: 299 | EM: 168 (56.2%) | Errors: 1
============================================================


============================================================
  PROGRESS: 300 items | Success: 299 | EM: 168 (56.2%) | Errors: 1
============================================================


============================================================
  PROGRESS: 300 items | Success: 299 | EM: 168 (56.2%) | Errors: 1
============================================================


============================================================
  PROGRESS: 300 items | Success: 299 | EM: 168 (56.2%) | Errors: 1
============================================================


============================================================
  PROGRESS: 300 items | Success: 299 | EM: 168 (56.2%) | Errors: 1
============================================================


============================================================
  PROGRESS: 300 items | Success: 299 | EM: 168 (56.2%) | Errors: 1
============================================================


============================================================
  PROGRESS: 300 items | Success: 299 | EM: 168 (56.2%) | Errors: 1
============================================================

  [Retry 3/3] 500 Error encountered, retrying in 8s...

============================================================
  PROGRESS: 300 items | Success: 299 | EM: 168 (56.2%) | Errors: 1
============================================================


============================================================
  PROGRESS: 300 items | Success: 299 | EM: 168 (56.2%) | Errors: 1
============================================================


============================================================
  PROGRESS: 300 items | Success: 299 | EM: 168 (56.2%) | Errors: 1
============================================================


============================================================
  PROGRESS: 300 items | Success: 299 | EM: 168 (56.2%) | Errors: 1
============================================================


============================================================
  PROGRESS: 300 items | Success: 299 | EM: 168 (56.2%) | Errors: 1
============================================================


============================================================
  PROGRESS: 300 items | Success: 299 | EM: 168 (56.2%) | Errors: 1
============================================================


============================================================
  PROGRESS: 300 items | Success: 299 | EM: 168 (56.2%) | Errors: 1
============================================================

[237/300] ✗ Error for index 236: 500 Server Error: Internal Server Error for url: http://tensorsql-node:5002/api/text2sql/generate

==================================================
  BENCHMARK RESULTS (Spider Exact Match)
==================================================
Total entries in map: 300
Current success:     299
Current errors:      2
Exact Match:         168/299 (56.2%)
Execution time:      785s (13.1m)

Files saved:
  /app/benchmark_tensor_logs/benchmark_results_base.json
  /app/benchmark_tensor_logs/pred_base.sql
  /app/benchmark_tensor_logs/gold_base.sql
